0: Server starting with version 255
0: Starting server ACC Server (please edit settings.json)
0: maxCarSlots 30 exceeds the allowed slots by Rating requirement (10). Add Track Medal and Safety Rating Requirements to gain up to 30 slots (3 TM + 70 SA)
0: Translated realtime interval hzToMiliseconds(18)=54

0: SessionManager::randomizeGreenFlagTriggers: s:0.890000 e:0.950000 r:0.895383
0: Track monza was set and updated
0: Event changed
0: SessionManager::randomizeGreenFlagTriggers: s:0.890000 e:0.950000 r:0.911472
0: Significant change detected, updating lobby (1|1)
0: maxCarSlots 30 exceeds the allowed slots by Rating requirement (10). Add Track Medal and Safety Rating Requirements to gain up to 30 slots (3 TM + 70 SA)
0: Resetting weekend to friday night
0: Reset time to friday night: 0 -> 0
0: Reset time to first session: 0 -> 61200
0: SessionManager::randomizeGreenFlagTriggers: s:0.890000 e:0.950000 r:0.918622
0: Listening to TCP 9601 | UDP 9600
407: Trying to connect to lobby (0 times, interval 10000 s)
407: Session changed: Practice -> Practice 0
407: Detected sessionPhase <waiting for drivers> -> <waiting for drivers> (Practice)
21456: ==ERR: RegisterToLobby TCP connection failed, couldn't connect to the lobby server
21472: Trying to connect to lobby (1 times, interval 13000 s)
22503: RegisterToLobby succeeded
22519: Sent lobby registration request for monza
22567: TCPQueue now: 4
22567: New TCP incoming pakSizeMax, 0 => 2
22567: Updated lobby with 0 drivers
34323: Replied to network discovery request
39800: New connection received 356
39800: 1 client(s) online
39800: TCPQueue now: 442
39800: New TCP incoming pakSizeMax, 0 => 440
39800: Located entryListId -1 for connection 0 S76561199991291245
39800: New connection request: id 0 Dee Covan S76561199991291245 on car model 16
39800: Creating new car connection: carId 1001, carModel 16, raceNumber #563
39800: Special Rules for carid 1001: 
	max_total_driving_time is -1 (from -1), pitCount 0
39800: startingTime is not set?
39800: Starting stint for car 1001 driver 0 at 39800.633400
39800: Updated lobby with 1 drivers
39800: Assigning gridNumber 1 to new carId 1001
39800: Sent handshake response for car 1001 connection 0 with 1222 bytes
39800: 1 Driver(s) detected, starting session
39800: SessionManager::randomizeGreenFlagTriggers: s:0.991555 e:0.999999 r:0.993187
39800: Detected sessionPhase <waiting for drivers> -> <pre session> (Practice)
39800: Sent session update to lobby
39800: Updated leaderboard for 1 clients (Practice-<pre session> 20 min)
42806: Detected sessionPhase <session> -> <session> (Practice)
42806: Sent session update to lobby
46719: Associated: connId 0, now 46719
46751: Reset time offset for connection 0, new offset 46717, diff 6917
60481: Tcp message count (1 clients): 
60481: Udp message count (1 clients): 19=1, 22=14, 
63736: ==ERR: onCarUpdate (1001): timestamp is 7 ms in the future: 63744 (now: 63736 offset: 46719)
63846: ==ERR: onCarUpdate (1001): timestamp is 7 ms in the future: 63854 (now: 63846 offset: 46719)
64224: ==ERR: onCarUpdate (1001): timestamp is 6 ms in the future: 64231 (now: 64224 offset: 46719)
64332: ==ERR: onCarUpdate (1001): timestamp is 6 ms in the future: 64339 (now: 64332 offset: 46719)
65196: ==ERR: onCarUpdate (1001): timestamp is 5 ms in the future: 65202 (now: 65196 offset: 46717)
66163: ==ERR: onCarUpdate (1001): timestamp is 7 ms in the future: 66171 (now: 66163 offset: 46716)
66394: Receives driver stint reset for car 1001
66394: Ending stint: new total time for car 1001 driver 0 is 22472.866600
66394: List of Stints for car 1001 driver 0
66394: Stint 1 car 1001 driver 0 started 39800.633400 ended 62273.500000
66538: Receives driver stint reset for car 1001
66538: startingTime is not set?
66727: Updated 0 clients with new carSystem for car 1001 (71303168l)
67607: Updated 0 clients with new carSystem for car 1001 (71303184l)
68326: ==ERR: onCarUpdate (1001): timestamp is 6 ms in the future: 68333 (now: 68326 offset: 46718)
68758: ==ERR: onCarUpdate (1001): timestamp is 6 ms in the future: 68765 (now: 68758 offset: 46718)
68866: ==ERR: onCarUpdate (1001): timestamp is 6 ms in the future: 68873 (now: 68866 offset: 46718)
68977: ==ERR: onCarUpdate (1001): timestamp is 5 ms in the future: 68983 (now: 68977 offset: 46718)
69405: ==ERR: onCarUpdate (1001): timestamp is 6 ms in the future: 69412 (now: 69405 offset: 46717)
70056: ==ERR: onCarUpdate (1001): timestamp is 5 ms in the future: 70062 (now: 70056 offset: 46717)
70163: ==ERR: onCarUpdate (1001): timestamp is 5 ms in the future: 70169 (now: 70163 offset: 46717)
70271: ==ERR: onCarUpdate (1001): timestamp is 5 ms in the future: 70277 (now: 70271 offset: 46717)
71621: ==ERR: onCarUpdate (1001): timestamp is 5 ms in the future: 71627 (now: 71621 offset: 46717)
72268: ==ERR: onCarUpdate (1001): timestamp is 5 ms in the future: 72274 (now: 72268 offset: 46717)
72646: ==ERR: onCarUpdate (1001): timestamp is 5 ms in the future: 72652 (now: 72646 offset: 46717)
72756: ==ERR: onCarUpdate (1001): timestamp is 5 ms in the future: 72762 (now: 72756 offset: 46717)
73080: ==ERR: onCarUpdate (1001): timestamp is 5 ms in the future: 73086 (now: 73080 offset: 46719)
73186: ==ERR: onCarUpdate (1001): timestamp is 7 ms in the future: 73194 (now: 73186 offset: 46719)
73620: ==ERR: onCarUpdate (1001): timestamp is 5 ms in the future: 73626 (now: 73620 offset: 46719)
73838: ==ERR: onCarUpdate (1001): timestamp is 5 ms in the future: 73844 (now: 73838 offset: 46719)
73996: ==ERR: onCarUpdate (1001): timestamp is 7 ms in the future: 74004 (now: 73996 offset: 46719)
74378: ==ERR: onCarUpdate (1001): timestamp is 5 ms in the future: 74384 (now: 74378 offset: 46719)
74538: ==ERR: onCarUpdate (1001): timestamp is 5 ms in the future: 74544 (now: 74538 offset: 46719)
74808: ==ERR: onCarUpdate (1001): timestamp is 5 ms in the future: 74814 (now: 74808 offset: 46719)
74968: ==ERR: onCarUpdate (1001): timestamp is 7 ms in the future: 74976 (now: 74968 offset: 46719)
75077: ==ERR: onCarUpdate (1001): timestamp is 6 ms in the future: 75084 (now: 75077 offset: 46719)
75187: ==ERR: onCarUpdate (1001): timestamp is 6 ms in the future: 75194 (now: 75187 offset: 46719)
75726: ==ERR: onCarUpdate (1001): timestamp is 7 ms in the future: 75734 (now: 75726 offset: 46719)
76156: ==ERR: onCarUpdate (1001): timestamp is 6 ms in the future: 76163 (now: 76156 offset: 46718)
76644: ==ERR: onCarUpdate (1001): timestamp is 5 ms in the future: 76650 (now: 76644 offset: 46718)
76751: ==ERR: onCarUpdate (1001): timestamp is 6 ms in the future: 76758 (now: 76751 offset: 46718)
77076: ==ERR: onCarUpdate (1001): timestamp is 5 ms in the future: 77082 (now: 77076 offset: 46717)
78316: ==ERR: onCarUpdate (1001): timestamp is 6 ms in the future: 78323 (now: 78316 offset: 46718)
78856: ==ERR: onCarUpdate (1001): timestamp is 6 ms in the future: 78863 (now: 78856 offset: 46718)
79236: ==ERR: onCarUpdate (1001): timestamp is 5 ms in the future: 79242 (now: 79236 offset: 46717)
80316: ==ERR: onCarUpdate (1001): timestamp is 7 ms in the future: 80324 (now: 80316 offset: 46719)
80586: ==ERR: onCarUpdate (1001): timestamp is 7 ms in the future: 80594 (now: 80586 offset: 46719)
80746: ==ERR: onCarUpdate (1001): timestamp is 7 ms in the future: 80754 (now: 80746 offset: 46719)
80964: ==ERR: onCarUpdate (1001): timestamp is 6 ms in the future: 80971 (now: 80964 offset: 46719)
81449: ==ERR: onCarUpdate (1001): timestamp is 7 ms in the future: 81457 (now: 81449 offset: 46720)
81883: ==ERR: onCarUpdate (1001): timestamp is 6 ms in the future: 81890 (now: 81883 offset: 46720)
81991: ==ERR: onCarUpdate (1001): timestamp is 5 ms in the future: 81997 (now: 81991 offset: 46720)
83287: ==ERR: onCarUpdate (1001): timestamp is 6 ms in the future: 83294 (now: 83287 offset: 46719)
83338: ==ERR: onCarUpdate (1001): timestamp is 7 ms in the future: 83346 (now: 83338 offset: 46719)
83665: ==ERR: onCarUpdate (1001): timestamp is 5 ms in the future: 83671 (now: 83665 offset: 46719)
83934: ==ERR: onCarUpdate (1001): timestamp is 6 ms in the future: 83941 (now: 83934 offset: 46719)
85122: ==ERR: onCarUpdate (1001): timestamp is 5 ms in the future: 85128 (now: 85122 offset: 46718)
85228: ==ERR: onCarUpdate (1001): timestamp is 6 ms in the future: 85235 (now: 85228 offset: 46718)
85716: ==ERR: onCarUpdate (1001): timestamp is 6 ms in the future: 85723 (now: 85716 offset: 46718)
85877: ==ERR: onCarUpdate (1001): timestamp is 5 ms in the future: 85883 (now: 85877 offset: 46718)
87552: ==ERR: onCarUpdate (1001): timestamp is 6 ms in the future: 87559 (now: 87552 offset: 46719)
88145: ==ERR: onCarUpdate (1001): timestamp is 8 ms in the future: 88154 (now: 88145 offset: 46719)
88256: ==ERR: onCarUpdate (1001): timestamp is 6 ms in the future: 88263 (now: 88256 offset: 46721)
88364: ==ERR: onCarUpdate (1001): timestamp is 6 ms in the future: 88371 (now: 88364 offset: 46721)
88741: ==ERR: onCarUpdate (1001): timestamp is 6 ms in the future: 88748 (now: 88741 offset: 46721)
88850: ==ERR: onCarUpdate (1001): timestamp is 5 ms in the future: 88856 (now: 88850 offset: 46721)
88957: ==ERR: onCarUpdate (1001): timestamp is 8 ms in the future: 88966 (now: 88957 offset: 46721)
89067: ==ERR: onCarUpdate (1001): timestamp is 5 ms in the future: 89073 (now: 89067 offset: 46721)
90196: ==ERR: onCarUpdate (1001): timestamp is 7 ms in the future: 90204 (now: 90196 offset: 46719)
90307: ==ERR: onCarUpdate (1001): timestamp is 6 ms in the future: 90314 (now: 90307 offset: 46719)
90466: ==ERR: onCarUpdate (1001): timestamp is 7 ms in the future: 90474 (now: 90466 offset: 46719)
90684: ==ERR: onCarUpdate (1001): timestamp is 6 ms in the future: 90691 (now: 90684 offset: 46719)
91223: ==ERR: onCarUpdate (1001): timestamp is 5 ms in the future: 91229 (now: 91223 offset: 46717)
93222: ==ERR: onCarUpdate (1001): timestamp is 6 ms in the future: 93229 (now: 93222 offset: 46719)
93436: ==ERR: onCarUpdate (1001): timestamp is 7 ms in the future: 93444 (now: 93436 offset: 46719)
93546: ==ERR: onCarUpdate (1001): timestamp is 7 ms in the future: 93554 (now: 93546 offset: 46719)
93655: ==ERR: onCarUpdate (1001): timestamp is 5 ms in the future: 93661 (now: 93655 offset: 46719)
94033: ==ERR: onCarUpdate (1001): timestamp is 5 ms in the future: 94039 (now: 94033 offset: 46719)
94410: ==ERR: onCarUpdate (1001): timestamp is 5 ms in the future: 94416 (now: 94410 offset: 46719)
94628: ==ERR: onCarUpdate (1001): timestamp is 5 ms in the future: 94634 (now: 94628 offset: 46719)
94785: ==ERR: onCarUpdate (1001): timestamp is 8 ms in the future: 94794 (now: 94785 offset: 46719)
95004: ==ERR: onCarUpdate (1001): timestamp is 6 ms in the future: 95011 (now: 95004 offset: 46719)
95381: ==ERR: onCarUpdate (1001): timestamp is 6 ms in the future: 95388 (now: 95381 offset: 46718)
95489: ==ERR: onCarUpdate (1001): timestamp is 5 ms in the future: 95495 (now: 95489 offset: 46718)
95814: ==ERR: onCarUpdate (1001): timestamp is 5 ms in the future: 95820 (now: 95814 offset: 46718)
95921: ==ERR: onCarUpdate (1001): timestamp is 6 ms in the future: 95928 (now: 95921 offset: 46718)
96029: ==ERR: onCarUpdate (1001): timestamp is 5 ms in the future: 96035 (now: 96029 offset: 46718)
96568: ==ERR: onCarUpdate (1001): timestamp is 6 ms in the future: 96575 (now: 96568 offset: 46718)
96787: ==ERR: onCarUpdate (1001): timestamp is 5 ms in the future: 96793 (now: 96787 offset: 46718)
97272: ==ERR: onCarUpdate (1001): timestamp is 5 ms in the future: 97278 (now: 97272 offset: 46718)
98354: ==ERR: onCarUpdate (1001): timestamp is 5 ms in the future: 98360 (now: 98354 offset: 46720)
98461: ==ERR: onCarUpdate (1001): timestamp is 5 ms in the future: 98467 (now: 98461 offset: 46720)
98678: ==ERR: onCarUpdate (1001): timestamp is 6 ms in the future: 98685 (now: 98678 offset: 46720)
98726: ==ERR: onCarUpdate (1001): timestamp is 10 ms in the future: 98737 (now: 98726 offset: 46720)
98947: ==ERR: onCarUpdate (1001): timestamp is 7 ms in the future: 98955 (now: 98947 offset: 46720)
99054: ==ERR: onCarUpdate (1001): timestamp is 7 ms in the future: 99062 (now: 99054 offset: 46720)
99163: ==ERR: onCarUpdate (1001): timestamp is 6 ms in the future: 99170 (now: 99163 offset: 46720)
100405: ==ERR: onCarUpdate (1001): timestamp is 5 ms in the future: 100411 (now: 100405 offset: 46719)
100513: ==ERR: onCarUpdate (1001): timestamp is 5 ms in the future: 100519 (now: 100513 offset: 46719)
100996: ==ERR: onCarUpdate (1001): timestamp is 7 ms in the future: 101004 (now: 100996 offset: 46719)
101323: ==ERR: onCarUpdate (1001): timestamp is 5 ms in the future: 101329 (now: 101323 offset: 46719)
101483: ==ERR: onCarUpdate (1001): timestamp is 7 ms in the future: 101491 (now: 101483 offset: 46719)
101592: ==ERR: onCarUpdate (1001): timestamp is 6 ms in the future: 101599 (now: 101592 offset: 46719)
101805: ==ERR: onCarUpdate (1001): timestamp is 8 ms in the future: 101814 (now: 101805 offset: 46719)
102187: ==ERR: onCarUpdate (1001): timestamp is 6 ms in the future: 102194 (now: 102187 offset: 46719)
102616: ==ERR: onCarUpdate (1001): timestamp is 6 ms in the future: 102623 (now: 102616 offset: 46718)
102941: ==ERR: onCarUpdate (1001): timestamp is 6 ms in the future: 102948 (now: 102941 offset: 46718)
103320: ==ERR: onCarUpdate (1001): timestamp is 5 ms in the future: 103326 (now: 103320 offset: 46719)
103859: ==ERR: onCarUpdate (1001): timestamp is 6 ms in the future: 103866 (now: 103859 offset: 46719)
104185: ==ERR: onCarUpdate (1001): timestamp is 5 ms in the future: 104191 (now: 104185 offset: 46719)
105373: ==ERR: onCarUpdate (1001): timestamp is 5 ms in the future: 105379 (now: 105373 offset: 46719)
105480: ==ERR: onCarUpdate (1001): timestamp is 5 ms in the future: 105486 (now: 105480 offset: 46719)
105912: ==ERR: onCarUpdate (1001): timestamp is 6 ms in the future: 105919 (now: 105912 offset: 46719)
106991: ==ERR: onCarUpdate (1001): timestamp is 5 ms in the future: 106997 (now: 106991 offset: 46717)
107368: ==ERR: onCarUpdate (1001): timestamp is 6 ms in the future: 107375 (now: 107368 offset: 46718)
107477: ==ERR: onCarUpdate (1001): timestamp is 5 ms in the future: 107483 (now: 107477 offset: 46718)
107747: ==ERR: onCarUpdate (1001): timestamp is 5 ms in the future: 107753 (now: 107747 offset: 46718)
107964: ==ERR: onCarUpdate (1001): timestamp is 5 ms in the future: 107970 (now: 107964 offset: 46718)
108179: ==ERR: onCarUpdate (1001): timestamp is 5 ms in the future: 108185 (now: 108179 offset: 46718)
108612: ==ERR: onCarUpdate (1001): timestamp is 5 ms in the future: 108618 (now: 108612 offset: 46718)
108718: ==ERR: onCarUpdate (1001): timestamp is 6 ms in the future: 108725 (now: 108718 offset: 46718)
108827: ==ERR: onCarUpdate (1001): timestamp is 5 ms in the future: 108833 (now: 108827 offset: 46718)
108936: ==ERR: onCarUpdate (1001): timestamp is 6 ms in the future: 108943 (now: 108936 offset: 46718)
110017: ==ERR: onCarUpdate (1001): timestamp is 5 ms in the future: 110023 (now: 110017 offset: 46718)
110557: ==ERR: onCarUpdate (1001): timestamp is 6 ms in the future: 110564 (now: 110557 offset: 46719)
110772: ==ERR: onCarUpdate (1001): timestamp is 6 ms in the future: 110779 (now: 110772 offset: 46719)
111204: ==ERR: onCarUpdate (1001): timestamp is 6 ms in the future: 111211 (now: 111204 offset: 46719)
111312: ==ERR: onCarUpdate (1001): timestamp is 6 ms in the future: 111319 (now: 111312 offset: 46719)
112931: ==ERR: onCarUpdate (1001): timestamp is 5 ms in the future: 112937 (now: 112931 offset: 46717)
113634: ==ERR: onCarUpdate (1001): timestamp is 6 ms in the future: 113641 (now: 113634 offset: 46719)
114013: ==ERR: onCarUpdate (1001): timestamp is 5 ms in the future: 114019 (now: 114013 offset: 46719)
114282: ==ERR: onCarUpdate (1001): timestamp is 6 ms in the future: 114289 (now: 114282 offset: 46719)
114388: ==ERR: onCarUpdate (1001): timestamp is 7 ms in the future: 114396 (now: 114388 offset: 46719)
114876: ==ERR: onCarUpdate (1001): timestamp is 7 ms in the future: 114884 (now: 114876 offset: 46719)
114985: ==ERR: onCarUpdate (1001): timestamp is 5 ms in the future: 114991 (now: 114985 offset: 46719)
115092: ==ERR: onCarUpdate (1001): timestamp is 6 ms in the future: 115099 (now: 115092 offset: 46719)
115200: ==ERR: onCarUpdate (1001): timestamp is 5 ms in the future: 115206 (now: 115200 offset: 46719)
115686: ==ERR: onCarUpdate (1001): timestamp is 5 ms in the future: 115692 (now: 115686 offset: 46717)
116441: ==ERR: onCarUpdate (1001): timestamp is 7 ms in the future: 116449 (now: 116441 offset: 46719)
116767: ==ERR: onCarUpdate (1001): timestamp is 6 ms in the future: 116774 (now: 116767 offset: 46719)
116819: ==ERR: onCarUpdate (1001): timestamp is 6 ms in the future: 116826 (now: 116819 offset: 46719)
117144: ==ERR: onCarUpdate (1001): timestamp is 6 ms in the future: 117151 (now: 117144 offset: 46719)
117251: ==ERR: onCarUpdate (1001): timestamp is 7 ms in the future: 117259 (now: 117251 offset: 46719)
117359: ==ERR: onCarUpdate (1001): timestamp is 6 ms in the future: 117366 (now: 117359 offset: 46719)
118385: ==ERR: onCarUpdate (1001): timestamp is 5 ms in the future: 118391 (now: 118385 offset: 46716)
119033: ==ERR: onCarUpdate (1001): timestamp is 5 ms in the future: 119039 (now: 119033 offset: 46717)
119573: ==ERR: onCarUpdate (1001): timestamp is 5 ms in the future: 119579 (now: 119573 offset: 46717)
120491: ==ERR: onCarUpdate (1001): timestamp is 5 ms in the future: 120497 (now: 120491 offset: 46717)
120760: ==ERR: onCarUpdate (1001): timestamp is 6 ms in the future: 120767 (now: 120760 offset: 46717)
120966: Tcp message count (1 clients): 46=2, 50=1, 61=1, 79=2, 
120966: Udp message count (1 clients): 22=60, 30=1062, 
121086: ==ERR: onCarUpdate (1001): timestamp is 5 ms in the future: 121092 (now: 121086 offset: 46717)
121410: ==ERR: onCarUpdate (1001): timestamp is 6 ms in the future: 121417 (now: 121410 offset: 46720)
121680: ==ERR: onCarUpdate (1001): timestamp is 6 ms in the future: 121687 (now: 121680 offset: 46720)
121898: ==ERR: onCarUpdate (1001): timestamp is 6 ms in the future: 121905 (now: 121898 offset: 46720)
122273: ==ERR: onCarUpdate (1001): timestamp is 8 ms in the future: 122282 (now: 122273 offset: 46720)
122384: ==ERR: onCarUpdate (1001): timestamp is 5 ms in the future: 122390 (now: 122384 offset: 46720)
122650: ==ERR: onCarUpdate (1001): timestamp is 8 ms in the future: 122659 (now: 122650 offset: 46719)
122759: ==ERR: onCarUpdate (1001): timestamp is 6 ms in the future: 122766 (now: 122759 offset: 46719)
122868: ==ERR: onCarUpdate (1001): timestamp is 5 ms in the future: 122874 (now: 122868 offset: 46719)
122978: ==ERR: onCarUpdate (1001): timestamp is 5 ms in the future: 122984 (now: 122978 offset: 46719)
123355: ==ERR: onCarUpdate (1001): timestamp is 5 ms in the future: 123361 (now: 123355 offset: 46719)
123894: ==ERR: onCarUpdate (1001): timestamp is 5 ms in the future: 123900 (now: 123894 offset: 46718)
124001: ==ERR: onCarUpdate (1001): timestamp is 6 ms in the future: 124008 (now: 124001 offset: 46718)
125204: Receives driver stint reset for car 1001
125204: startingTime is not set?
125204: Starting stint for car 1001 driver 0 at 125204.500000
125295: ==ERR: onCarUpdate (1001): timestamp is 6 ms in the future: 125302 (now: 125295 offset: 46717)
125311: Updated 0 clients with new carSystem for car 1001 (71303168l)
125514: ==ERR: onCarUpdate (1001): timestamp is 5 ms in the future: 125520 (now: 125514 offset: 46718)
125621: ==ERR: onCarUpdate (1001): timestamp is 6 ms in the future: 125628 (now: 125621 offset: 46718)
125729: ==ERR: onCarUpdate (1001): timestamp is 5 ms in the future: 125735 (now: 125729 offset: 46718)
125947: ==ERR: onCarUpdate (1001): timestamp is 5 ms in the future: 125953 (now: 125947 offset: 46718)
126216: ==ERR: onCarUpdate (1001): timestamp is 6 ms in the future: 126223 (now: 126216 offset: 46718)
126376: ==ERR: onCarUpdate (1001): timestamp is 6 ms in the future: 126383 (now: 126376 offset: 46718)
127512: ==ERR: onCarUpdate (1001): timestamp is 5 ms in the future: 127518 (now: 127512 offset: 46718)
127726: ==ERR: onCarUpdate (1001): timestamp is 6 ms in the future: 127733 (now: 127726 offset: 46718)
127836: ==ERR: onCarUpdate (1001): timestamp is 6 ms in the future: 127843 (now: 127836 offset: 46718)
128214: ==ERR: onCarUpdate (1001): timestamp is 5 ms in the future: 128220 (now: 128214 offset: 46718)
128321: ==ERR: onCarUpdate (1001): timestamp is 6 ms in the future: 128328 (now: 128321 offset: 46718)
128431: ==ERR: onCarUpdate (1001): timestamp is 6 ms in the future: 128438 (now: 128431 offset: 46721)
128540: ==ERR: onCarUpdate (1001): timestamp is 5 ms in the future: 128546 (now: 128540 offset: 46721)
128650: ==ERR: onCarUpdate (1001): timestamp is 5 ms in the future: 128656 (now: 128650 offset: 46721)
128805: ==ERR: onCarUpdate (1001): timestamp is 10 ms in the future: 128816 (now: 128805 offset: 46721)
129026: ==ERR: onCarUpdate (1001): timestamp is 6 ms in the future: 129033 (now: 129026 offset: 46721)
129076: ==ERR: onCarUpdate (1001): timestamp is 9 ms in the future: 129086 (now: 129076 offset: 46721)
129456: ==ERR: onCarUpdate (1001): timestamp is 6 ms in the future: 129463 (now: 129456 offset: 46718)
129563: ==ERR: onCarUpdate (1001): timestamp is 6 ms in the future: 129570 (now: 129563 offset: 46718)
129671: ==ERR: onCarUpdate (1001): timestamp is 6 ms in the future: 129678 (now: 129671 offset: 46718)
129885: ==ERR: onCarUpdate (1001): timestamp is 7 ms in the future: 129893 (now: 129885 offset: 46718)
129996: ==ERR: onCarUpdate (1001): timestamp is 6 ms in the future: 130003 (now: 129996 offset: 46718)
130103: ==ERR: onCarUpdate (1001): timestamp is 6 ms in the future: 130110 (now: 130103 offset: 46718)
130212: ==ERR: onCarUpdate (1001): timestamp is 5 ms in the future: 130218 (now: 130212 offset: 46718)
130536: ==ERR: onCarUpdate (1001): timestamp is 5 ms in the future: 130542 (now: 130536 offset: 46717)
131346: ==ERR: onCarUpdate (1001): timestamp is 5 ms in the future: 131352 (now: 131346 offset: 46717)
132642: ==ERR: onCarUpdate (1001): timestamp is 5 ms in the future: 132648 (now: 132642 offset: 46718)
132857: ==ERR: onCarUpdate (1001): timestamp is 5 ms in the future: 132863 (now: 132857 offset: 46718)
132967: ==ERR: onCarUpdate (1001): timestamp is 5 ms in the future: 132973 (now: 132967 offset: 46718)
133830: ==ERR: onCarUpdate (1001): timestamp is 5 ms in the future: 133836 (now: 133830 offset: 46719)
134368: ==ERR: onCarUpdate (1001): timestamp is 7 ms in the future: 134376 (now: 134368 offset: 46719)
134638: ==ERR: onCarUpdate (1001): timestamp is 6 ms in the future: 134645 (now: 134638 offset: 46718)
135016: ==ERR: onCarUpdate (1001): timestamp is 6 ms in the future: 135023 (now: 135016 offset: 46718)
135125: ==ERR: onCarUpdate (1001): timestamp is 7 ms in the future: 135133 (now: 135125 offset: 46718)
136853: ==ERR: onCarUpdate (1001): timestamp is 7 ms in the future: 136861 (now: 136853 offset: 46719)
137286: ==ERR: onCarUpdate (1001): timestamp is 7 ms in the future: 137294 (now: 137286 offset: 46719)
137393: ==ERR: onCarUpdate (1001): timestamp is 7 ms in the future: 137401 (now: 137393 offset: 46719)
137771: ==ERR: onCarUpdate (1001): timestamp is 6 ms in the future: 137778 (now: 137771 offset: 46718)
139066: ==ERR: onCarUpdate (1001): timestamp is 5 ms in the future: 139072 (now: 139066 offset: 46717)
139554: ==ERR: onCarUpdate (1001): timestamp is 5 ms in the future: 139560 (now: 139554 offset: 46718)
139875: ==ERR: onCarUpdate (1001): timestamp is 7 ms in the future: 139883 (now: 139875 offset: 46718)
139987: ==ERR: onCarUpdate (1001): timestamp is 5 ms in the future: 139993 (now: 139987 offset: 46718)
140579: ==ERR: onCarUpdate (1001): timestamp is 7 ms in the future: 140587 (now: 140579 offset: 46720)
140688: ==ERR: onCarUpdate (1001): timestamp is 6 ms in the future: 140695 (now: 140688 offset: 46720)
140797: ==ERR: onCarUpdate (1001): timestamp is 7 ms in the future: 140805 (now: 140797 offset: 46720)
140905: ==ERR: onCarUpdate (1001): timestamp is 6 ms in the future: 140912 (now: 140905 offset: 46720)
141283: ==ERR: onCarUpdate (1001): timestamp is 6 ms in the future: 141290 (now: 141283 offset: 46720)
141552: ==ERR: onCarUpdate (1001): timestamp is 5 ms in the future: 141558 (now: 141552 offset: 46718)
141658: ==ERR: onCarUpdate (1001): timestamp is 6 ms in the future: 141665 (now: 141658 offset: 46718)
142198: ==ERR: onCarUpdate (1001): timestamp is 6 ms in the future: 142205 (now: 142198 offset: 46718)
142417: ==ERR: onCarUpdate (1001): timestamp is 5 ms in the future: 142423 (now: 142417 offset: 46718)
142576: ==ERR: onCarUpdate (1001): timestamp is 6 ms in the future: 142583 (now: 142576 offset: 46718)
142794: ==ERR: onCarUpdate (1001): timestamp is 5 ms in the future: 142800 (now: 142794 offset: 46718)
143442: ==ERR: onCarUpdate (1001): timestamp is 5 ms in the future: 143448 (now: 143442 offset: 46718)
144466: ==ERR: onCarUpdate (1001): timestamp is 5 ms in the future: 144472 (now: 144466 offset: 46717)
144791: ==ERR: onCarUpdate (1001): timestamp is 5 ms in the future: 144797 (now: 144791 offset: 46717)
145061: ==ERR: onCarUpdate (1001): timestamp is 5 ms in the future: 145067 (now: 145061 offset: 46717)
145438: ==ERR: onCarUpdate (1001): timestamp is 5 ms in the future: 145444 (now: 145438 offset: 46717)
145978: ==ERR: onCarUpdate (1001): timestamp is 6 ms in the future: 145985 (now: 145978 offset: 46718)
146086: ==ERR: onCarUpdate (1001): timestamp is 6 ms in the future: 146093 (now: 146086 offset: 46718)
146356: ==ERR: onCarUpdate (1001): timestamp is 6 ms in the future: 146363 (now: 146356 offset: 46718)
146736: ==ERR: onCarUpdate (1001): timestamp is 6 ms in the future: 146743 (now: 146736 offset: 46718)
146843: ==ERR: onCarUpdate (1001): timestamp is 6 ms in the future: 146850 (now: 146843 offset: 46718)
146952: ==ERR: onCarUpdate (1001): timestamp is 5 ms in the future: 146958 (now: 146952 offset: 46718)
147762: ==ERR: onCarUpdate (1001): timestamp is 5 ms in the future: 147768 (now: 147762 offset: 46718)
148138: ==ERR: onCarUpdate (1001): timestamp is 6 ms in the future: 148145 (now: 148138 offset: 46718)
148357: ==ERR: onCarUpdate (1001): timestamp is 5 ms in the future: 148363 (now: 148357 offset: 46718)
150192: ==ERR: onCarUpdate (1001): timestamp is 5 ms in the future: 150198 (now: 150192 offset: 46718)
150298: ==ERR: onCarUpdate (1001): timestamp is 6 ms in the future: 150305 (now: 150298 offset: 46718)
150838: ==ERR: onCarUpdate (1001): timestamp is 6 ms in the future: 150845 (now: 150838 offset: 46718)
151215: ==ERR: onCarUpdate (1001): timestamp is 7 ms in the future: 151223 (now: 151215 offset: 46718)
151649: ==ERR: onCarUpdate (1001): timestamp is 6 ms in the future: 151656 (now: 151649 offset: 46719)
152028: ==ERR: onCarUpdate (1001): timestamp is 5 ms in the future: 152034 (now: 152028 offset: 46719)
152245: ==ERR: onCarUpdate (1001): timestamp is 5 ms in the future: 152251 (now: 152245 offset: 46719)
152676: ==ERR: onCarUpdate (1001): timestamp is 5 ms in the future: 152682 (now: 152676 offset: 46717)
153431: ==ERR: onCarUpdate (1001): timestamp is 5 ms in the future: 153437 (now: 153431 offset: 46717)
153756: ==ERR: onCarUpdate (1001): timestamp is 5 ms in the future: 153762 (now: 153756 offset: 46717)
154403: ==ERR: onCarUpdate (1001): timestamp is 5 ms in the future: 154409 (now: 154403 offset: 46717)
154943: ==ERR: onCarUpdate (1001): timestamp is 6 ms in the future: 154950 (now: 154943 offset: 46718)
155052: ==ERR: onCarUpdate (1001): timestamp is 5 ms in the future: 155058 (now: 155052 offset: 46718)
156346: ==ERR: onCarUpdate (1001): timestamp is 5 ms in the future: 156352 (now: 156346 offset: 46717)
156996: ==ERR: onCarUpdate (1001): timestamp is 6 ms in the future: 157003 (now: 156996 offset: 46718)
157156: ==ERR: onCarUpdate (1001): timestamp is 6 ms in the future: 157163 (now: 157156 offset: 46718)
159642: ==ERR: onCarUpdate (1001): timestamp is 6 ms in the future: 159649 (now: 159642 offset: 46719)
159857: ==ERR: onCarUpdate (1001): timestamp is 6 ms in the future: 159864 (now: 159857 offset: 46719)
160073: ==ERR: onCarUpdate (1001): timestamp is 7 ms in the future: 160081 (now: 160073 offset: 46719)
160183: ==ERR: onCarUpdate (1001): timestamp is 5 ms in the future: 160189 (now: 160183 offset: 46719)
160721: ==ERR: onCarUpdate (1001): timestamp is 5 ms in the future: 160727 (now: 160721 offset: 46717)
161261: ==ERR: onCarUpdate (1001): timestamp is 5 ms in the future: 161267 (now: 161261 offset: 46717)
162072: ==ERR: onCarUpdate (1001): timestamp is 5 ms in the future: 162078 (now: 162072 offset: 46718)
162397: ==ERR: onCarUpdate (1001): timestamp is 5 ms in the future: 162403 (now: 162397 offset: 46718)
162826: ==ERR: onCarUpdate (1001): timestamp is 5 ms in the future: 162832 (now: 162826 offset: 46717)
163151: ==ERR: onCarUpdate (1001): timestamp is 5 ms in the future: 163157 (now: 163151 offset: 46717)
163528: ==ERR: onCarUpdate (1001): timestamp is 5 ms in the future: 163534 (now: 163528 offset: 46717)
164124: ==ERR: onCarUpdate (1001): timestamp is 5 ms in the future: 164130 (now: 164124 offset: 46718)
164230: ==ERR: onCarUpdate (1001): timestamp is 7 ms in the future: 164238 (now: 164230 offset: 46718)
164339: ==ERR: onCarUpdate (1001): timestamp is 5 ms in the future: 164345 (now: 164339 offset: 46718)
164717: ==ERR: onCarUpdate (1001): timestamp is 5 ms in the future: 164723 (now: 164717 offset: 46718)
164934: ==ERR: onCarUpdate (1001): timestamp is 5 ms in the future: 164940 (now: 164934 offset: 46718)
165473: ==ERR: onCarUpdate (1001): timestamp is 6 ms in the future: 165480 (now: 165473 offset: 46718)
168025: ==ERR: TCP socket error detected 10053 

168025: Client 0 closed the connection (10053)
168041: Removing dead connection 0  (last lastUdpPaketReceived 2455)
168041: Alive connections: 0
168041: car 1001 has no driving connection anymore, will remove it
168041: Updated lobby with 0 drivers
168041: Alive cars: 0
168041: 0 client(s) online
168041: No drivers around, resetting session
168041: Resetting race weekend
168041: Resetting weekend to friday night
168041: Reset time to friday night: 61328 -> 0
168041: Reset time to first session: 0 -> 61200
168041: SessionManager::randomizeGreenFlagTriggers: s:0.991555 e:0.999999 r:0.995607
168041: Detected sessionPhase <session> -> <waiting for drivers> (Practice)
168041: Sent session update to lobby
181415: Udp message count (0 clients): 22=44, 30=827, 
